[2026-03-23 11:20:52]	[info] incremental build: 18 source files changed
These source files will be recompiled
---
'/home/lcrm/Documents/C/stm8synth2/libraries/STM8S_StdPeriph_Driver/source/stm8s_adc1.c': object (.o) file not exist
'/home/lcrm/Documents/C/stm8synth2/libraries/STM8S_StdPeriph_Driver/source/stm8s_awu.c': object (.o) file not exist
'/home/lcrm/Documents/C/stm8synth2/libraries/STM8S_StdPeriph_Driver/source/stm8s_beep.c': object (.o) file not exist
'/home/lcrm/Documents/C/stm8synth2/libraries/STM8S_StdPeriph_Driver/source/stm8s_clk.c': object (.o) file not exist
'/home/lcrm/Documents/C/stm8synth2/libraries/STM8S_StdPeriph_Driver/source/stm8s_exti.c': object (.o) file not exist
'/home/lcrm/Documents/C/stm8synth2/libraries/STM8S_StdPeriph_Driver/source/stm8s_flash.c': object (.o) file not exist
'/home/lcrm/Documents/C/stm8synth2/libraries/STM8S_StdPeriph_Driver/source/stm8s_gpio.c': object (.o) file not exist
'/home/lcrm/Documents/C/stm8synth2/libraries/STM8S_StdPeriph_Driver/source/stm8s_i2c.c': object (.o) file not exist
'/home/lcrm/Documents/C/stm8synth2/libraries/STM8S_StdPeriph_Driver/source/stm8s_itc.c': object (.o) file not exist
'/home/lcrm/Documents/C/stm8synth2/libraries/STM8S_StdPeriph_Driver/source/stm8s_iwdg.c': object (.o) file not exist
'/home/lcrm/Documents/C/stm8synth2/libraries/STM8S_StdPeriph_Driver/source/stm8s_rst.c': object (.o) file not exist
'/home/lcrm/Documents/C/stm8synth2/libraries/STM8S_StdPeriph_Driver/source/stm8s_spi.c': object (.o) file not exist
'/home/lcrm/Documents/C/stm8synth2/libraries/STM8S_StdPeriph_Driver/source/stm8s_tim1.c': object (.o) file not exist
'/home/lcrm/Documents/C/stm8synth2/libraries/STM8S_StdPeriph_Driver/source/stm8s_tim2.c': object (.o) file not exist
'/home/lcrm/Documents/C/stm8synth2/libraries/STM8S_StdPeriph_Driver/source/stm8s_tim4.c': object (.o) file not exist
'/home/lcrm/Documents/C/stm8synth2/libraries/STM8S_StdPeriph_Driver/source/stm8s_uart1.c': object (.o) file not exist
'/home/lcrm/Documents/C/stm8synth2/libraries/STM8S_StdPeriph_Driver/source/stm8s_wwdg.c': object (.o) file not exist
'/home/lcrm/Documents/C/stm8synth2/src/main.c': object (.o) file not exist

[2026-03-23 11:20:55]	[done]
	build successfully !

[2026-03-23 11:24:28]	[info] incremental build: 18 source files changed
These source files will be recompiled
---
'/home/lcrm/Documents/C/stm8synth/libraries/STM8S_StdPeriph_Driver/source/stm8s_adc1.c': source file has been changed.
'/home/lcrm/Documents/C/stm8synth/libraries/STM8S_StdPeriph_Driver/source/stm8s_awu.c': source file has been changed.
'/home/lcrm/Documents/C/stm8synth/libraries/STM8S_StdPeriph_Driver/source/stm8s_beep.c': source file has been changed.
'/home/lcrm/Documents/C/stm8synth/libraries/STM8S_StdPeriph_Driver/source/stm8s_clk.c': source file has been changed.
'/home/lcrm/Documents/C/stm8synth/libraries/STM8S_StdPeriph_Driver/source/stm8s_exti.c': source file has been changed.
'/home/lcrm/Documents/C/stm8synth/libraries/STM8S_StdPeriph_Driver/source/stm8s_flash.c': source file has been changed.
'/home/lcrm/Documents/C/stm8synth/libraries/STM8S_StdPeriph_Driver/source/stm8s_gpio.c': source file has been changed.
'/home/lcrm/Documents/C/stm8synth/libraries/STM8S_StdPeriph_Driver/source/stm8s_i2c.c': source file has been changed.
'/home/lcrm/Documents/C/stm8synth/libraries/STM8S_StdPeriph_Driver/source/stm8s_itc.c': source file has been changed.
'/home/lcrm/Documents/C/stm8synth/libraries/STM8S_StdPeriph_Driver/source/stm8s_iwdg.c': source file has been changed.
'/home/lcrm/Documents/C/stm8synth/libraries/STM8S_StdPeriph_Driver/source/stm8s_rst.c': source file has been changed.
'/home/lcrm/Documents/C/stm8synth/libraries/STM8S_StdPeriph_Driver/source/stm8s_spi.c': source file has been changed.
'/home/lcrm/Documents/C/stm8synth/libraries/STM8S_StdPeriph_Driver/source/stm8s_tim1.c': source file has been changed.
'/home/lcrm/Documents/C/stm8synth/libraries/STM8S_StdPeriph_Driver/source/stm8s_tim2.c': source file has been changed.
'/home/lcrm/Documents/C/stm8synth/libraries/STM8S_StdPeriph_Driver/source/stm8s_tim4.c': source file has been changed.
'/home/lcrm/Documents/C/stm8synth/libraries/STM8S_StdPeriph_Driver/source/stm8s_uart1.c': source file has been changed.
'/home/lcrm/Documents/C/stm8synth/libraries/STM8S_StdPeriph_Driver/source/stm8s_wwdg.c': source file has been changed.
'/home/lcrm/Documents/C/stm8synth/src/main.c': source file has been changed.

[2026-03-23 11:24:29]	[done]
	build successfully !

[2026-03-23 11:27:27]	[info] incremental build: 1 source files changed
These source files will be recompiled
---
'/home/lcrm/Documents/C/stm8synth/src/main.c': source file has been changed.

[2026-03-23 11:27:27]	[done]
	build successfully !

[2026-03-23 11:35:55]	[info] incremental build: 1 source files changed
These source files will be recompiled
---
'/home/lcrm/Documents/C/stm8synth/src/main.c': source file has been changed.

[2026-03-23 11:35:55]	compilation failed at : "/home/lcrm/Documents/C/stm8synth/src/main.c", exit code: 1
command: 
  "/usr/bin/sdcc" -c --std-c99 -Ilibraries/STM8S_StdPeriph_Driver/include -Ilibraries/STM8S_StdPeriph_Driver -Isrc -DSTM8S103 -mstm8 -MMD -o ./build/Debug/.obj/src/main.rel ./src/main.c
   at unify_builder.Program.Main(String[] args_)
---
./src/main.c:144: error 1: Syntax error, declaration ignored at 'sv'
./src/main.c:144: syntax error: token -> 'makeVoice' ; column 31

[2026-03-23 11:36:16]	[info] incremental build: 1 source files changed
These source files will be recompiled
---
'/home/lcrm/Documents/C/stm8synth/src/main.c': source file has been changed.

[2026-03-23 11:36:16]	compilation failed at : "/home/lcrm/Documents/C/stm8synth/src/main.c", exit code: 1
command: 
  "/usr/bin/sdcc" -c --std-c99 -Ilibraries/STM8S_StdPeriph_Driver/include -Ilibraries/STM8S_StdPeriph_Driver -Isrc -DSTM8S103 -mstm8 -MMD -o ./build/Debug/.obj/src/main.rel ./src/main.c
   at unify_builder.Program.Main(String[] args_)
---
./src/main.c:144: error 159: in function makeVoice: name omitted for parameter 4
./src/main.c:147: syntax error: token -> ';' ; column 38

[2026-03-23 11:36:44]	[info] incremental build: 1 source files changed
These source files will be recompiled
---
'/home/lcrm/Documents/C/stm8synth/src/main.c': source file has been changed.

[2026-03-23 11:36:44]	compilation failed at : "/home/lcrm/Documents/C/stm8synth/src/main.c", exit code: 1
command: 
  "/usr/bin/sdcc" -c --std-c99 -Ilibraries/STM8S_StdPeriph_Driver/include -Ilibraries/STM8S_StdPeriph_Driver -Isrc -DSTM8S103 -mstm8 -MMD -o ./build/Debug/.obj/src/main.rel ./src/main.c
   at unify_builder.Program.Main(String[] args_)
---
./src/main.c:144: error 159: in function makeVoice: name omitted for parameter 4
./src/main.c:147: syntax error: token -> ';' ; column 38

[2026-03-23 11:37:15]	[info] incremental build: 1 source files changed
These source files will be recompiled
---
'/home/lcrm/Documents/C/stm8synth/src/main.c': source file has been changed.

[2026-03-23 11:37:15]	compilation failed at : "/home/lcrm/Documents/C/stm8synth/src/main.c", exit code: 1
command: 
  "/usr/bin/sdcc" -c --std-c99 -Ilibraries/STM8S_StdPeriph_Driver/include -Ilibraries/STM8S_StdPeriph_Driver -Isrc -DSTM8S103 -mstm8 -MMD -o ./build/Debug/.obj/src/main.rel ./src/main.c
   at unify_builder.Program.Main(String[] args_)
---
./src/main.c:144: error 159: in function makeVoice: name omitted for parameter 4
./src/main.c:147: syntax error: token -> ';' ; column 39

[2026-03-23 11:37:29]	[info] incremental build: 1 source files changed
These source files will be recompiled
---
'/home/lcrm/Documents/C/stm8synth/src/main.c': source file has been changed.

[2026-03-23 11:37:29]	compilation failed at : "/home/lcrm/Documents/C/stm8synth/src/main.c", exit code: 1
command: 
  "/usr/bin/sdcc" -c --std-c99 -Ilibraries/STM8S_StdPeriph_Driver/include -Ilibraries/STM8S_StdPeriph_Driver -Isrc -DSTM8S103 -mstm8 -MMD -o ./build/Debug/.obj/src/main.rel ./src/main.c
   at unify_builder.Program.Main(String[] args_)
---
./src/main.c:144: error 159: in function makeVoice: name omitted for parameter 4
./src/main.c:145: warning 112: function 'malloc' implicit declaration
./src/main.c:145: error 101: too many parameters 
./src/main.c:146: error 27: Pointer required
./src/main.c:147: error 27: Pointer required
./src/main.c:148: warning 60: function return value mismatch
from type 'struct synthVoice generic* auto'
  to type 'struct synthVoice fixed'
./src/main.c:148: warning 85: in function makeVoice unreferenced function argument : 'len'
./src/main.c:148: warning 85: in function makeVoice unreferenced function argument : 'amp'
./src/main.c:148: warning 85: in function makeVoice unreferenced function argument : '_makeVoice_PARM_4'
./src/main.c:156: warning 85: in function Synth unreferenced function argument : 'sv'

[2026-03-23 11:38:28]	[info] incremental build: 1 source files changed
These source files will be recompiled
---
'/home/lcrm/Documents/C/stm8synth/src/main.c': source file has been changed.

[2026-03-23 11:38:28]	compilation failed at : "/home/lcrm/Documents/C/stm8synth/src/main.c", exit code: 1
command: 
  "/usr/bin/sdcc" -c --std-c99 -Ilibraries/STM8S_StdPeriph_Driver/include -Ilibraries/STM8S_StdPeriph_Driver -Isrc -DSTM8S103 -mstm8 -MMD -o ./build/Debug/.obj/src/main.rel ./src/main.c
   at unify_builder.Program.Main(String[] args_)
---
./src/main.c:145: warning 112: function 'malloc' implicit declaration
./src/main.c:145: error 101: too many parameters 
./src/main.c:146: error 27: Pointer required
./src/main.c:147: error 27: Pointer required
./src/main.c:148: error 26: '_type' not a structure/union member
./src/main.c:148: error 27: Pointer required
./src/main.c:149: warning 60: function return value mismatch
from type 'struct synthVoice generic* auto'
  to type 'struct synthVoice fixed'
./src/main.c:149: warning 85: in function makeVoice unreferenced function argument : 'len'
./src/main.c:149: warning 85: in function makeVoice unreferenced function argument : 'amp'
./src/main.c:156: warning 85: in function Synth unreferenced function argument : 'sv'

[2026-03-23 11:38:55]	[info] incremental build: 1 source files changed
These source files will be recompiled
---
'/home/lcrm/Documents/C/stm8synth/src/main.c': source file has been changed.

[2026-03-23 11:38:55]	compilation failed at : "/home/lcrm/Documents/C/stm8synth/src/main.c", exit code: 1
command: 
  "/usr/bin/sdcc" -c --std-c99 -Ilibraries/STM8S_StdPeriph_Driver/include -Ilibraries/STM8S_StdPeriph_Driver -Isrc -DSTM8S103 -mstm8 -MMD -o ./build/Debug/.obj/src/main.rel ./src/main.c
   at unify_builder.Program.Main(String[] args_)
---
./src/main.c:145: warning 112: function 'malloc' implicit declaration
./src/main.c:145: error 101: too many parameters 
./src/main.c:148: error 26: '_type' not a structure/union member
./src/main.c:149: warning 60: function return value mismatch
from type 'struct synthVoice generic* auto'
  to type 'struct synthVoice fixed'
./src/main.c:149: warning 85: in function makeVoice unreferenced function argument : 'len'
./src/main.c:149: warning 85: in function makeVoice unreferenced function argument : 'amp'
./src/main.c:156: warning 85: in function Synth unreferenced function argument : 'sv'

[2026-03-23 11:41:01]	[info] incremental build: 1 source files changed
These source files will be recompiled
---
'/home/lcrm/Documents/C/stm8synth/src/main.c': source file has been changed.

[2026-03-23 11:41:01]	compilation failed at : "/home/lcrm/Documents/C/stm8synth/src/main.c", exit code: 1
command: 
  "/usr/bin/sdcc" -c --std-c99 -Ilibraries/STM8S_StdPeriph_Driver/include -Ilibraries/STM8S_StdPeriph_Driver -Isrc -DSTM8S103 -mstm8 -MMD -o ./build/Debug/.obj/src/main.rel ./src/main.c
   at unify_builder.Program.Main(String[] args_)
---
./src/main.c:144: warning 278: return type of function omitted, assuming int
./src/main.c:144: error 1: Syntax error, declaration ignored at 'synthVoice'
./src/main.c:144: syntax error: token -> 'makeVoice' ; column 20

[2026-03-23 11:41:16]	[info] incremental build: 1 source files changed
These source files will be recompiled
---
'/home/lcrm/Documents/C/stm8synth/src/main.c': source file has been changed.

[2026-03-23 11:41:16]	compilation failed at : "/home/lcrm/Documents/C/stm8synth/src/main.c", exit code: 1
command: 
  "/usr/bin/sdcc" -c --std-c99 -Ilibraries/STM8S_StdPeriph_Driver/include -Ilibraries/STM8S_StdPeriph_Driver -Isrc -DSTM8S103 -mstm8 -MMD -o ./build/Debug/.obj/src/main.rel ./src/main.c
   at unify_builder.Program.Main(String[] args_)
---
./src/main.c:145: syntax error: token -> '=' ; column 20

[2026-03-23 11:42:04]	[info] incremental build: 1 source files changed
These source files will be recompiled
---
'/home/lcrm/Documents/C/stm8synth/src/main.c': source file has been changed.

[2026-03-23 11:42:04]	compilation failed at : "/home/lcrm/Documents/C/stm8synth/src/main.c", exit code: 1
command: 
  "/usr/bin/sdcc" -c --std-c99 -Ilibraries/STM8S_StdPeriph_Driver/include -Ilibraries/STM8S_StdPeriph_Driver -Isrc -DSTM8S103 -mstm8 -MMD -o ./build/Debug/.obj/src/main.rel ./src/main.c
   at unify_builder.Program.Main(String[] args_)
---
./src/main.c:145: warning 112: function 'malloc' implicit declaration
./src/main.c:145: error 101: too many parameters 
./src/main.c:146: error 25: Structure/Union expected left of '.->'
./src/main.c:146: error 47: indirections to different types assignment   
from type 'const-int literal'
  to type 'void'
./src/main.c:147: error 25: Structure/Union expected left of '.->'
./src/main.c:147: error 47: indirections to different types assignment   
from type 'unsigned-int fixed'
  to type 'void'
./src/main.c:148: error 25: Structure/Union expected left of '.->'
./src/main.c:148: error 47: indirections to different types assignment   
from type 'unsigned-char auto'
  to type 'void'
./src/main.c:149: warning 60: function return value mismatch
from type 'struct synthVoice generic* auto'
  to type 'struct synthVoice fixed'
./src/main.c:149: warning 85: in function makeVoice unreferenced function argument : 'len'
./src/main.c:149: warning 85: in function makeVoice unreferenced function argument : 'amp'
./src/main.c:156: warning 85: in function Synth unreferenced function argument : 'sv'

[2026-03-23 11:42:23]	[info] incremental build: 1 source files changed
These source files will be recompiled
---
'/home/lcrm/Documents/C/stm8synth/src/main.c': source file has been changed.

[2026-03-23 11:42:23]	compilation failed at : "/home/lcrm/Documents/C/stm8synth/src/main.c", exit code: 1
command: 
  "/usr/bin/sdcc" -c --std-c99 -Ilibraries/STM8S_StdPeriph_Driver/include -Ilibraries/STM8S_StdPeriph_Driver -Isrc -DSTM8S103 -mstm8 -MMD -o ./build/Debug/.obj/src/main.rel ./src/main.c
   at unify_builder.Program.Main(String[] args_)
---
./src/main.c:145: warning 112: function 'malloc' implicit declaration
./src/main.c:145: error 101: too many parameters 
./src/main.c:146: error 25: Structure/Union expected left of '.->'
./src/main.c:147: error 25: Structure/Union expected left of '.->'
./src/main.c:148: error 25: Structure/Union expected left of '.->'
./src/main.c:149: warning 60: function return value mismatch
from type 'struct synthVoice generic* auto'
  to type 'struct synthVoice fixed'
./src/main.c:149: warning 85: in function makeVoice unreferenced function argument : 'len'
./src/main.c:149: warning 85: in function makeVoice unreferenced function argument : 'amp'
./src/main.c:156: warning 85: in function Synth unreferenced function argument : 'sv'

[2026-03-23 11:42:31]	[info] incremental build: 1 source files changed
These source files will be recompiled
---
'/home/lcrm/Documents/C/stm8synth/src/main.c': source file has been changed.

[2026-03-23 11:42:31]	compilation failed at : "/home/lcrm/Documents/C/stm8synth/src/main.c", exit code: 1
command: 
  "/usr/bin/sdcc" -c --std-c99 -Ilibraries/STM8S_StdPeriph_Driver/include -Ilibraries/STM8S_StdPeriph_Driver -Isrc -DSTM8S103 -mstm8 -MMD -o ./build/Debug/.obj/src/main.rel ./src/main.c
   at unify_builder.Program.Main(String[] args_)
---
./src/main.c:145: warning 112: function 'malloc' implicit declaration
./src/main.c:145: error 101: too many parameters 
./src/main.c:146: error 25: Structure/Union expected left of '.->'
./src/main.c:146: error 47: indirections to different types assignment   
from type 'const-int literal'
  to type 'void'
./src/main.c:147: error 25: Structure/Union expected left of '.->'
./src/main.c:147: error 47: indirections to different types assignment   
from type 'unsigned-int fixed'
  to type 'void'
./src/main.c:148: error 25: Structure/Union expected left of '.->'
./src/main.c:148: error 47: indirections to different types assignment   
from type 'unsigned-char auto'
  to type 'void'
./src/main.c:149: warning 60: function return value mismatch
from type 'struct synthVoice generic* auto'
  to type 'struct synthVoice fixed'
./src/main.c:149: warning 85: in function makeVoice unreferenced function argument : 'len'
./src/main.c:149: warning 85: in function makeVoice unreferenced function argument : 'amp'
./src/main.c:156: warning 85: in function Synth unreferenced function argument : 'sv'

[2026-03-23 11:42:43]	[info] incremental build: 1 source files changed
These source files will be recompiled
---
'/home/lcrm/Documents/C/stm8synth/src/main.c': source file has been changed.

[2026-03-23 11:42:43]	compilation failed at : "/home/lcrm/Documents/C/stm8synth/src/main.c", exit code: 1
command: 
  "/usr/bin/sdcc" -c --std-c99 -Ilibraries/STM8S_StdPeriph_Driver/include -Ilibraries/STM8S_StdPeriph_Driver -Isrc -DSTM8S103 -mstm8 -MMD -o ./build/Debug/.obj/src/main.rel ./src/main.c
   at unify_builder.Program.Main(String[] args_)
---
./src/main.c:145: warning 112: function 'malloc' implicit declaration
./src/main.c:145: error 101: too many parameters 
./src/main.c:148: error 26: '_type' not a structure/union member
./src/main.c:149: warning 60: function return value mismatch
from type 'struct synthVoice generic* auto'
  to type 'struct synthVoice fixed'
./src/main.c:149: warning 85: in function makeVoice unreferenced function argument : 'len'
./src/main.c:149: warning 85: in function makeVoice unreferenced function argument : 'amp'
./src/main.c:156: warning 85: in function Synth unreferenced function argument : 'sv'

[2026-03-23 11:43:07]	[info] incremental build: 1 source files changed
These source files will be recompiled
---
'/home/lcrm/Documents/C/stm8synth/src/main.c': source file has been changed.

[2026-03-23 11:43:08]	compilation failed at : "/home/lcrm/Documents/C/stm8synth/src/main.c", exit code: 1
command: 
  "/usr/bin/sdcc" -c --std-c99 -Ilibraries/STM8S_StdPeriph_Driver/include -Ilibraries/STM8S_StdPeriph_Driver -Isrc -DSTM8S103 -mstm8 -MMD -o ./build/Debug/.obj/src/main.rel ./src/main.c
   at unify_builder.Program.Main(String[] args_)
---
./src/main.c:145: warning 112: function 'malloc' implicit declaration
./src/main.c:145: error 101: too many parameters 
./src/main.c:148: error 26: '_type' not a structure/union member
./src/main.c:149: warning 60: function return value mismatch
from type 'struct synthVoice generic* auto'
  to type 'struct synthVoice fixed'
./src/main.c:149: warning 85: in function makeVoice unreferenced function argument : 'len'
./src/main.c:149: warning 85: in function makeVoice unreferenced function argument : 'amp'
./src/main.c:156: warning 85: in function Synth unreferenced function argument : 'sv'

[2026-03-23 11:43:26]	[info] incremental build: 1 source files changed
These source files will be recompiled
---
'/home/lcrm/Documents/C/stm8synth/src/main.c': source file has been changed.

[2026-03-23 11:43:26]	compilation failed at : "/home/lcrm/Documents/C/stm8synth/src/main.c", exit code: 1
command: 
  "/usr/bin/sdcc" -c --std-c99 -Ilibraries/STM8S_StdPeriph_Driver/include -Ilibraries/STM8S_StdPeriph_Driver -Isrc -DSTM8S103 -mstm8 -MMD -o ./build/Debug/.obj/src/main.rel ./src/main.c
   at unify_builder.Program.Main(String[] args_)
---
./src/main.c:145: warning 112: function 'calloc' implicit declaration
./src/main.c:145: error 101: too many parameters 
./src/main.c:148: error 26: '_type' not a structure/union member
./src/main.c:149: warning 60: function return value mismatch
from type 'struct synthVoice generic* auto'
  to type 'struct synthVoice fixed'
./src/main.c:149: warning 85: in function makeVoice unreferenced function argument : 'len'
./src/main.c:149: warning 85: in function makeVoice unreferenced function argument : 'amp'
./src/main.c:156: warning 85: in function Synth unreferenced function argument : 'sv'

[2026-03-23 11:45:20]	[info] incremental build: 1 source files changed
These source files will be recompiled
---
'/home/lcrm/Documents/C/stm8synth/src/main.c': source file has been changed.

[2026-03-23 11:45:20]	compilation failed at : "/home/lcrm/Documents/C/stm8synth/src/main.c", exit code: 1
command: 
  "/usr/bin/sdcc" -c --std-c99 -Ilibraries/STM8S_StdPeriph_Driver/include -Ilibraries/STM8S_StdPeriph_Driver -Isrc -DSTM8S103 -mstm8 -MMD -o ./build/Debug/.obj/src/main.rel ./src/main.c
   at unify_builder.Program.Main(String[] args_)
---
./src/main.c:145: warning 112: function 'malloc' implicit declaration
./src/main.c:145: error 101: too many parameters 
./src/main.c:148: error 26: '_type' not a structure/union member
./src/main.c:149: warning 60: function return value mismatch
from type 'struct synthVoice generic* auto'
  to type 'struct synthVoice fixed'
./src/main.c:149: warning 85: in function makeVoice unreferenced function argument : 'len'
./src/main.c:149: warning 85: in function makeVoice unreferenced function argument : 'amp'
./src/main.c:156: warning 85: in function Synth unreferenced function argument : 'sv'

[2026-03-23 11:46:33]	[info] incremental build: 1 source files changed
These source files will be recompiled
---
'/home/lcrm/Documents/C/stm8synth/src/main.c': source file has been changed.

[2026-03-23 11:46:33]	compilation failed at : "/home/lcrm/Documents/C/stm8synth/src/main.c", exit code: 1
command: 
  "/usr/bin/sdcc" -c --std-c99 -Ilibraries/STM8S_StdPeriph_Driver/include -Ilibraries/STM8S_StdPeriph_Driver -Isrc -DSTM8S103 -mstm8 -MMD -o ./build/Debug/.obj/src/main.rel ./src/main.c
   at unify_builder.Program.Main(String[] args_)
---
./src/main.c:145: warning 112: function 'malloc' implicit declaration
./src/main.c:145: error 101: too many parameters 
./src/main.c:148: error 26: '_type' not a structure/union member
./src/main.c:149: warning 60: function return value mismatch
from type 'struct synthVoice generic* auto'
  to type 'struct synthVoice fixed'
./src/main.c:149: warning 85: in function makeVoice unreferenced function argument : 'len'
./src/main.c:149: warning 85: in function makeVoice unreferenced function argument : 'amp'
./src/main.c:156: warning 85: in function Synth unreferenced function argument : 'sv'

[2026-03-23 11:47:04]	[info] incremental build: 1 source files changed
These source files will be recompiled
---
'/home/lcrm/Documents/C/stm8synth/src/main.c': source file has been changed.

[2026-03-23 11:47:04]	compilation failed at : "/home/lcrm/Documents/C/stm8synth/src/main.c", exit code: 1
command: 
  "/usr/bin/sdcc" -c --std-c99 -Ilibraries/STM8S_StdPeriph_Driver/include -Ilibraries/STM8S_StdPeriph_Driver -Isrc -DSTM8S103 -mstm8 -MMD -o ./build/Debug/.obj/src/main.rel ./src/main.c
   at unify_builder.Program.Main(String[] args_)
---
./src/main.c:149: error 26: '_type' not a structure/union member
./src/main.c:150: warning 60: function return value mismatch
from type 'struct synthVoice generic* auto'
  to type 'struct synthVoice fixed'
./src/main.c:150: warning 85: in function makeVoice unreferenced function argument : 'len'
./src/main.c:150: warning 85: in function makeVoice unreferenced function argument : 'amp'
./src/main.c:157: warning 85: in function Synth unreferenced function argument : 'sv'

[2026-03-23 11:47:39]	[info] incremental build: 1 source files changed
These source files will be recompiled
---
'/home/lcrm/Documents/C/stm8synth/src/main.c': source file has been changed.

[2026-03-23 11:47:39]	compilation failed at : "/home/lcrm/Documents/C/stm8synth/src/main.c", exit code: 1
command: 
  "/usr/bin/sdcc" -c --std-c99 -Ilibraries/STM8S_StdPeriph_Driver/include -Ilibraries/STM8S_StdPeriph_Driver -Isrc -DSTM8S103 -mstm8 -MMD -o ./build/Debug/.obj/src/main.rel ./src/main.c
   at unify_builder.Program.Main(String[] args_)
---
./src/main.c:149: error 26: '_type' not a structure/union member
./src/main.c:150: warning 60: function return value mismatch
from type 'struct synthVoice generic* auto'
  to type 'struct synthVoice fixed'
./src/main.c:150: warning 85: in function makeVoice unreferenced function argument : 'len'
./src/main.c:150: warning 85: in function makeVoice unreferenced function argument : 'amp'
./src/main.c:157: warning 85: in function Synth unreferenced function argument : 'sv'

[2026-03-23 11:47:48]	[info] incremental build: 1 source files changed
These source files will be recompiled
---
'/home/lcrm/Documents/C/stm8synth/src/main.c': source file has been changed.

[2026-03-23 11:47:48]	compilation failed at : "/home/lcrm/Documents/C/stm8synth/src/main.c", exit code: 1
command: 
  "/usr/bin/sdcc" -c --std-c99 -Ilibraries/STM8S_StdPeriph_Driver/include -Ilibraries/STM8S_StdPeriph_Driver -Isrc -DSTM8S103 -mstm8 -MMD -o ./build/Debug/.obj/src/main.rel ./src/main.c
   at unify_builder.Program.Main(String[] args_)
---
./src/main.c:149: syntax error: token -> 'voiceType' ; column 29

[2026-03-23 11:47:53]	[info] incremental build: 1 source files changed
These source files will be recompiled
---
'/home/lcrm/Documents/C/stm8synth/src/main.c': source file has been changed.

[2026-03-23 11:47:53]	compilation failed at : "/home/lcrm/Documents/C/stm8synth/src/main.c", exit code: 1
command: 
  "/usr/bin/sdcc" -c --std-c99 -Ilibraries/STM8S_StdPeriph_Driver/include -Ilibraries/STM8S_StdPeriph_Driver -Isrc -DSTM8S103 -mstm8 -MMD -o ./build/Debug/.obj/src/main.rel ./src/main.c
   at unify_builder.Program.Main(String[] args_)
---
./src/main.c:149: syntax error: token -> 'enum' ; column 19

[2026-03-23 11:48:14]	[info] incremental build: 1 source files changed
These source files will be recompiled
---
'/home/lcrm/Documents/C/stm8synth/src/main.c': source file has been changed.

[2026-03-23 11:48:14]	compilation failed at : "/home/lcrm/Documents/C/stm8synth/src/main.c", exit code: 1
command: 
  "/usr/bin/sdcc" -c --std-c99 -Ilibraries/STM8S_StdPeriph_Driver/include -Ilibraries/STM8S_StdPeriph_Driver -Isrc -DSTM8S103 -mstm8 -MMD -o ./build/Debug/.obj/src/main.rel ./src/main.c
   at unify_builder.Program.Main(String[] args_)
---
./src/main.c:149: error 26: '_type' not a structure/union member
./src/main.c:150: warning 60: function return value mismatch
from type 'struct synthVoice generic* auto'
  to type 'struct synthVoice fixed'
./src/main.c:150: warning 85: in function makeVoice unreferenced function argument : 'len'
./src/main.c:150: warning 85: in function makeVoice unreferenced function argument : 'amp'
./src/main.c:150: warning 85: in function makeVoice unreferenced function argument : 'voiceType'
./src/main.c:157: warning 85: in function Synth unreferenced function argument : 'sv'

[2026-03-23 11:48:26]	[info] incremental build: 1 source files changed
These source files will be recompiled
---
'/home/lcrm/Documents/C/stm8synth/src/main.c': source file has been changed.

[2026-03-23 11:48:26]	compilation failed at : "/home/lcrm/Documents/C/stm8synth/src/main.c", exit code: 1
command: 
  "/usr/bin/sdcc" -c --std-c99 -Ilibraries/STM8S_StdPeriph_Driver/include -Ilibraries/STM8S_StdPeriph_Driver -Isrc -DSTM8S103 -mstm8 -MMD -o ./build/Debug/.obj/src/main.rel ./src/main.c
   at unify_builder.Program.Main(String[] args_)
---
./src/main.c:150: warning 60: function return value mismatch
from type 'struct synthVoice generic* auto'
  to type 'struct synthVoice fixed'
./src/main.c:150: error 9: FATAL Compiler Internal Error in file 'gen.c' line number '2757' : code generator internal error 
Contact Author with source code
Caught signal 11: SIGSEGV

[2026-03-23 11:48:58]	[info] incremental build: 1 source files changed
These source files will be recompiled
---
'/home/lcrm/Documents/C/stm8synth/src/main.c': source file has been changed.

[2026-03-23 11:48:58]	compilation failed at : "/home/lcrm/Documents/C/stm8synth/src/main.c", exit code: 1
command: 
  "/usr/bin/sdcc" -c --std-c99 -Ilibraries/STM8S_StdPeriph_Driver/include -Ilibraries/STM8S_StdPeriph_Driver -Isrc -DSTM8S103 -mstm8 -MMD -o ./build/Debug/.obj/src/main.rel ./src/main.c
   at unify_builder.Program.Main(String[] args_)
---
./src/main.c:145: syntax error: token -> '*' ; column 8

[2026-03-23 11:49:26]	[info] incremental build: 1 source files changed
These source files will be recompiled
---
'/home/lcrm/Documents/C/stm8synth/src/main.c': source file has been changed.

[2026-03-23 11:49:26]	compilation failed at : "/home/lcrm/Documents/C/stm8synth/src/main.c", exit code: 1
command: 
  "/usr/bin/sdcc" -c --std-c99 -Ilibraries/STM8S_StdPeriph_Driver/include -Ilibraries/STM8S_StdPeriph_Driver -Isrc -DSTM8S103 -mstm8 -MMD -o ./build/Debug/.obj/src/main.rel ./src/main.c
   at unify_builder.Program.Main(String[] args_)
---
./src/main.c:145: syntax error: token -> '*' ; column 7

[2026-03-23 11:49:33]	[info] incremental build: 1 source files changed
These source files will be recompiled
---
'/home/lcrm/Documents/C/stm8synth/src/main.c': source file has been changed.

[2026-03-23 11:49:33]	[done]
	build successfully !

[2026-03-23 11:49:49]	[info] incremental build: 1 source files changed
These source files will be recompiled
---
'/home/lcrm/Documents/C/stm8synth/src/main.c': source file has been changed.

[2026-03-23 11:49:49]	compilation failed at : "/home/lcrm/Documents/C/stm8synth/src/main.c", exit code: 1
command: 
  "/usr/bin/sdcc" -c --std-c99 -Ilibraries/STM8S_StdPeriph_Driver/include -Ilibraries/STM8S_StdPeriph_Driver -Isrc -DSTM8S103 -mstm8 -MMD -o ./build/Debug/.obj/src/main.rel ./src/main.c
   at unify_builder.Program.Main(String[] args_)
---
./src/main.c:149: error 26: '_type' not a structure/union member
./src/main.c:150: warning 85: in function makeVoice unreferenced function argument : 'len'
./src/main.c:150: warning 85: in function makeVoice unreferenced function argument : 'amp'
./src/main.c:157: warning 85: in function Synth unreferenced function argument : 'sv'

[2026-03-23 11:50:32]	[info] incremental build: 1 source files changed
These source files will be recompiled
---
'/home/lcrm/Documents/C/stm8synth/src/main.c': source file has been changed.

[2026-03-23 11:50:32]	compilation failed at : "/home/lcrm/Documents/C/stm8synth/src/main.c", exit code: 1
command: 
  "/usr/bin/sdcc" -c --std-c99 -Ilibraries/STM8S_StdPeriph_Driver/include -Ilibraries/STM8S_StdPeriph_Driver -Isrc -DSTM8S103 -mstm8 -MMD -o ./build/Debug/.obj/src/main.rel ./src/main.c
   at unify_builder.Program.Main(String[] args_)
---
./src/main.c:149: error 26: '_type' not a structure/union member
./src/main.c:150: warning 85: in function makeVoice unreferenced function argument : 'len'
./src/main.c:150: warning 85: in function makeVoice unreferenced function argument : 'amp'
./src/main.c:150: warning 85: in function makeVoice unreferenced function argument : 'voiceType'
./src/main.c:157: warning 85: in function Synth unreferenced function argument : 'sv'

[2026-03-23 11:50:42]	[info] incremental build: 1 source files changed
These source files will be recompiled
---
'/home/lcrm/Documents/C/stm8synth/src/main.c': source file has been changed.

[2026-03-23 11:50:42]	[done]
	build successfully !

